{"/Users/dorito/dev/algorithm/src/app.ts": {"path":"/Users/dorito/dev/algorithm/src/app.ts","all":false,"statementMap":{"0":{"start":{"line":1,"column":0},"end":{"line":1,"column":53}},"1":{"start":{"line":2,"column":0},"end":{"line":2,"column":23}},"2":{"start":{"line":3,"column":0},"end":{"line":3,"column":46}},"3":{"start":{"line":4,"column":0},"end":{"line":4,"column":21}},"4":{"start":{"line":5,"column":0},"end":{"line":5,"column":8}},"5":{"start":{"line":6,"column":0},"end":{"line":6,"column":0}},"6":{"start":{"line":7,"column":0},"end":{"line":7,"column":43}},"7":{"start":{"line":8,"column":0},"end":{"line":8,"column":0}},"8":{"start":{"line":9,"column":0},"end":{"line":9,"column":42}},"9":{"start":{"line":10,"column":0},"end":{"line":10,"column":0}},"10":{"start":{"line":11,"column":0},"end":{"line":11,"column":33}},"11":{"start":{"line":12,"column":0},"end":{"line":12,"column":24}},"12":{"start":{"line":13,"column":0},"end":{"line":13,"column":0}},"13":{"start":{"line":14,"column":0},"end":{"line":14,"column":28}},"14":{"start":{"line":15,"column":0},"end":{"line":15,"column":21}},"15":{"start":{"line":16,"column":0},"end":{"line":16,"column":33}},"16":{"start":{"line":17,"column":0},"end":{"line":17,"column":35}},"17":{"start":{"line":18,"column":0},"end":{"line":18,"column":51}},"18":{"start":{"line":19,"column":0},"end":{"line":19,"column":0}},"19":{"start":{"line":20,"column":0},"end":{"line":20,"column":68}},"20":{"start":{"line":21,"column":0},"end":{"line":21,"column":28}},"21":{"start":{"line":22,"column":0},"end":{"line":22,"column":46}},"22":{"start":{"line":23,"column":0},"end":{"line":23,"column":43}},"23":{"start":{"line":24,"column":0},"end":{"line":24,"column":43}},"24":{"start":{"line":25,"column":0},"end":{"line":25,"column":9}},"25":{"start":{"line":26,"column":0},"end":{"line":26,"column":0}},"26":{"start":{"line":27,"column":0},"end":{"line":27,"column":27}},"27":{"start":{"line":28,"column":0},"end":{"line":28,"column":7}},"28":{"start":{"line":29,"column":0},"end":{"line":29,"column":5}},"29":{"start":{"line":30,"column":0},"end":{"line":30,"column":3}},"30":{"start":{"line":31,"column":0},"end":{"line":31,"column":13}},"31":{"start":{"line":32,"column":0},"end":{"line":32,"column":2}}},"s":{"0":1,"1":1,"2":1,"3":3,"4":1,"5":1,"6":1,"7":1,"8":1,"9":1,"10":1,"11":1,"12":1,"13":1,"14":1,"15":1,"16":3,"17":9,"18":9,"19":9,"20":5,"21":5,"22":5,"23":5,"24":5,"25":9,"26":9,"27":9,"28":3,"29":1,"30":1,"31":1},"branchMap":{"0":{"type":"branch","line":1,"loc":{"start":{"line":1,"column":24},"end":{"line":32,"column":2}},"locations":[{"start":{"line":1,"column":24},"end":{"line":32,"column":2}}]},"1":{"type":"branch","line":16,"loc":{"start":{"line":16,"column":32},"end":{"line":29,"column":5}},"locations":[{"start":{"line":16,"column":32},"end":{"line":29,"column":5}}]},"2":{"type":"branch","line":17,"loc":{"start":{"line":17,"column":34},"end":{"line":28,"column":7}},"locations":[{"start":{"line":17,"column":34},"end":{"line":28,"column":7}}]},"3":{"type":"branch","line":20,"loc":{"start":{"line":20,"column":23},"end":{"line":20,"column":65}},"locations":[{"start":{"line":20,"column":23},"end":{"line":20,"column":65}}]},"4":{"type":"branch","line":20,"loc":{"start":{"line":20,"column":67},"end":{"line":25,"column":9}},"locations":[{"start":{"line":20,"column":67},"end":{"line":25,"column":9}}]},"5":{"type":"branch","line":3,"loc":{"start":{"line":3,"column":31},"end":{"line":5,"column":3}},"locations":[{"start":{"line":3,"column":31},"end":{"line":5,"column":3}}]},"6":{"type":"branch","line":9,"loc":{"start":{"line":9,"column":25},"end":{"line":9,"column":40}},"locations":[{"start":{"line":9,"column":25},"end":{"line":9,"column":40}}]}},"b":{"0":[1],"1":[3],"2":[9],"3":[7],"4":[5],"5":[3],"6":[2]},"fnMap":{"0":{"name":"solution","decl":{"start":{"line":1,"column":24},"end":{"line":32,"column":2}},"loc":{"start":{"line":1,"column":24},"end":{"line":32,"column":2}},"line":1}},"f":{"0":1}}
}
